76
116
102
39
73
102
101
100
117
61
78
74
83
39
44
131
138
115
109
43
42
103
113
65
88
63
76
91
110
125
74
130
93
101
112
81
151
123
96
124
104
106
105
172
97
75
69
79
62
116
168
125
59
91
92
67
72
81
71
128
48
26
63
17
59
108
69
114
9
69
114
76
126
24
94
92
66
131
94
95
59
56
41
61
57
138
172
94
90
53
82
92
81
86
110
135
124
124
102
113
88
83
57
92
152
97
81
121
127
47
89
121
71
80
97
111
119
129
86
88
74
164
81
112
110
138
51
77
127
100
64
51
81
153
83
50
99
81
93
128
80
69
85
108
102
25
42
113
162
15
83
67
58
148
118
109
143
70
98
20
108
65
79
76
134
141
63
90
48
111
102
64
105
39
35
86
134
62
107
100
150
73
70
96
103
93
66
84
77
67
151
152
88
107
87
59
111
84
78
36
71
130
91
121
74
49
80
90
88
100
52
90
85
140
66
24
36
84
47
131
90
62
72
32
119
57
123
51
122
86
83
117
133
64
149
144
94
118
93
105
81
111
85
85
75
34
87
41
88
97
96
33
132
106
75
144
31
109
60
83
179
88
124
75
44
56
68
95
46
107
60
93
50
93
118
67
129
81
135
76
100
119
44
24
109
135
63
80
83
84
67
149
124
47
87
78
59
85
98
116
95
72
133
110
107
128
13
82
53
85
76
109
130
31
89
80
72
62
137
113
114
79
151
114
121
105
120
58
128
42
89
103
152
65
100
97
104
89
154
45
133
112
86
98
11
103
125
124
82
145
150
85
93
90
157
41
129
75
43
101
111
103
160
47
41
106
84
136
115
109
50
98
58
68
109
68
93
133
92
74
64
112
105
125
57
77
102
123
121
110
128
124
151
67
163
102
77
116
53
56
36
91
109
26
107
104
107
109
119
99
115
117
105
67
100
30
89
60
121
88
92
88
50
108
123
56
79
56
98
63
91
102
80
115
90
139
89
62
107
59
86
92
81
57
78
109
101
76
42
45
79
53
94
52
81
26
90
83
96
59
23
101
124
53
80
102
153
66
83
19
104
30
81
66
42
68
95
94
148
156
91
100
97
109
97
104
57
99
49
71
78
94
120
131
129
74
88
116
89
59
88
91
70
27
138
111
103
79
97
109
63
30
31
98
17
40
65
103
86
131
92
90
123
141
56
98
120
67
63
89
95
50
124
109
131
76
22
85
55
20
61
89
95
57
96
16
84
91
75
8
76
51
120
141
44
99
91
101
81
82
133
94
97
58
116
41
144
161
127
72
93
97
94
105
101
80
82
130
50
145
138
80
120
65
90
80
46
83
86
92
100
42
69
70
59
131
76
104
86
123
60
75
124
75
69
23
78
82
90
61
115
104
140
65
112
67
110
111
51
74
120
163
133
104
100
110
106
109
73
79
93
62
63
104
79
61
71
105
116
144
80
69
107
77
100
103
96
108
91
69
129
80
88
112
116
45
98
103
137
104
116
63
77
80
60
96
78
118
78
76
98
46
92
44
42
130
135
78
119
128
79
44
95
72
89
91
73
82
131
74
124
88
51
131
71
54
103
15
81
116
107
111
65
60
